-------------------------------------------------------------------------------
Test set: no.shoppifly.CartServiceTest
-------------------------------------------------------------------------------
Tests run: 1, Failures: 1, Errors: 0, Skipped: 0, Time elapsed: 0.025 s <<< FAILURE! - in no.shoppifly.CartServiceTest
shouldRemoveCartAfterCheckout  Time elapsed: 0.022 s  <<< FAILURE!
org.opentest4j.AssertionFailedError: expected: <100> but was: <0>
	at no.shoppifly.CartServiceTest.shouldRemoveCartAfterCheckout(CartServiceTest.java:20)

